Analysis & Synthesis report for My_Optional
Fri May 31 11:31:44 2024
Quartus II Version 9.0 Build 235 06/17/2009 Service Pack 2 SJ Web Edition


---------------------
; Table of Contents ;
---------------------
  1. Legal Notice
  2. Analysis & Synthesis Summary
  3. Analysis & Synthesis Settings
  4. Analysis & Synthesis Source Files Read
  5. Analysis & Synthesis Resource Usage Summary
  6. Analysis & Synthesis Resource Utilization by Entity
  7. General Register Statistics
  8. Parameter Settings for Inferred Entity Instance: lpm_divide:Mod0
  9. Port Connectivity Checks: "RNG:RNG_inst"
 10. Analysis & Synthesis Messages



----------------
; Legal Notice ;
----------------
Copyright (C) 1991-2009 Altera Corporation
Your use of Altera Corporation's design tools, logic functions 
and other software and tools, and its AMPP partner logic 
functions, and any output files from any of the foregoing 
(including device programming or simulation files), and any 
associated documentation or information are expressly subject 
to the terms and conditions of the Altera Program License 
Subscription Agreement, Altera MegaCore Function License 
Agreement, or other applicable license agreement, including, 
without limitation, that your use is for the sole purpose of 
programming logic devices manufactured by Altera and sold by 
Altera or its authorized distributors.  Please refer to the 
applicable agreement for further details.



+------------------------------------------------------------------------------+
; Analysis & Synthesis Summary                                                 ;
+-------------------------------+----------------------------------------------+
; Analysis & Synthesis Status   ; Successful - Fri May 31 11:31:44 2024        ;
; Quartus II Version            ; 9.0 Build 235 06/17/2009 SP 2 SJ Web Edition ;
; Revision Name                 ; My_Optional                                  ;
; Top-level Entity Name         ; My_Optional                                  ;
; Family                        ; Stratix II                                   ;
; Logic utilization             ; N/A                                          ;
;     Combinational ALUTs       ; 1,108                                        ;
;     Dedicated logic registers ; 72                                           ;
; Total registers               ; 72                                           ;
; Total pins                    ; 71                                           ;
; Total virtual pins            ; 0                                            ;
; Total block memory bits       ; 0                                            ;
; DSP block 9-bit elements      ; 0                                            ;
; Total PLLs                    ; 0                                            ;
; Total DLLs                    ; 0                                            ;
+-------------------------------+----------------------------------------------+


+--------------------------------------------------------------------------------------------------------+
; Analysis & Synthesis Settings                                                                          ;
+--------------------------------------------------------------+--------------------+--------------------+
; Option                                                       ; Setting            ; Default Value      ;
+--------------------------------------------------------------+--------------------+--------------------+
; Top-level entity name                                        ; My_Optional        ; My_Optional        ;
; Family name                                                  ; Stratix II         ; Stratix II         ;
; Use Generated Physical Constraints File                      ; Off                ;                    ;
; Use smart compilation                                        ; Off                ; Off                ;
; Restructure Multiplexers                                     ; Auto               ; Auto               ;
; Create Debugging Nodes for IP Cores                          ; Off                ; Off                ;
; Preserve fewer node names                                    ; On                 ; On                 ;
; Disable OpenCore Plus hardware evaluation                    ; Off                ; Off                ;
; Verilog Version                                              ; Verilog_2001       ; Verilog_2001       ;
; VHDL Version                                                 ; VHDL93             ; VHDL93             ;
; State Machine Processing                                     ; Auto               ; Auto               ;
; Safe State Machine                                           ; Off                ; Off                ;
; Extract Verilog State Machines                               ; On                 ; On                 ;
; Extract VHDL State Machines                                  ; On                 ; On                 ;
; Ignore Verilog initial constructs                            ; Off                ; Off                ;
; Iteration limit for constant Verilog loops                   ; 5000               ; 5000               ;
; Iteration limit for non-constant Verilog loops               ; 250                ; 250                ;
; Add Pass-Through Logic to Inferred RAMs                      ; On                 ; On                 ;
; Parallel Synthesis                                           ; Off                ; Off                ;
; DSP Block Balancing                                          ; Auto               ; Auto               ;
; NOT Gate Push-Back                                           ; On                 ; On                 ;
; Power-Up Don't Care                                          ; On                 ; On                 ;
; Remove Redundant Logic Cells                                 ; Off                ; Off                ;
; Remove Duplicate Registers                                   ; On                 ; On                 ;
; Ignore CARRY Buffers                                         ; Off                ; Off                ;
; Ignore CASCADE Buffers                                       ; Off                ; Off                ;
; Ignore GLOBAL Buffers                                        ; Off                ; Off                ;
; Ignore ROW GLOBAL Buffers                                    ; Off                ; Off                ;
; Ignore LCELL Buffers                                         ; Off                ; Off                ;
; Ignore SOFT Buffers                                          ; On                 ; On                 ;
; Limit AHDL Integers to 32 Bits                               ; Off                ; Off                ;
; Optimization Technique                                       ; Balanced           ; Balanced           ;
; Carry Chain Length                                           ; 70                 ; 70                 ;
; Auto Carry Chains                                            ; On                 ; On                 ;
; Auto Open-Drain Pins                                         ; On                 ; On                 ;
; Perform WYSIWYG Primitive Resynthesis                        ; Off                ; Off                ;
; Auto ROM Replacement                                         ; On                 ; On                 ;
; Auto RAM Replacement                                         ; On                 ; On                 ;
; Auto DSP Block Replacement                                   ; On                 ; On                 ;
; Auto Shift Register Replacement                              ; Auto               ; Auto               ;
; Auto Clock Enable Replacement                                ; On                 ; On                 ;
; Strict RAM Replacement                                       ; Off                ; Off                ;
; Allow Synchronous Control Signals                            ; On                 ; On                 ;
; Force Use of Synchronous Clear Signals                       ; Off                ; Off                ;
; Auto RAM Block Balancing                                     ; On                 ; On                 ;
; Auto RAM to Logic Cell Conversion                            ; Off                ; Off                ;
; Auto Resource Sharing                                        ; Off                ; Off                ;
; Allow Any RAM Size For Recognition                           ; Off                ; Off                ;
; Allow Any ROM Size For Recognition                           ; Off                ; Off                ;
; Allow Any Shift Register Size For Recognition                ; Off                ; Off                ;
; Use LogicLock Constraints during Resource Balancing          ; On                 ; On                 ;
; Ignore translate_off and synthesis_off directives            ; Off                ; Off                ;
; Timing-Driven Synthesis                                      ; Off                ; Off                ;
; Show Parameter Settings Tables in Synthesis Report           ; On                 ; On                 ;
; Ignore Maximum Fan-Out Assignments                           ; Off                ; Off                ;
; Synchronization Register Chain Length                        ; 2                  ; 2                  ;
; PowerPlay Power Optimization                                 ; Normal compilation ; Normal compilation ;
; HDL message level                                            ; Level2             ; Level2             ;
; Suppress Register Optimization Related Messages              ; Off                ; Off                ;
; Number of Removed Registers Reported in Synthesis Report     ; 100                ; 100                ;
; Number of Inverted Registers Reported in Synthesis Report    ; 100                ; 100                ;
; Clock MUX Protection                                         ; On                 ; On                 ;
; Auto Gated Clock Conversion                                  ; Off                ; Off                ;
; Block Design Naming                                          ; Auto               ; Auto               ;
; SDC constraint protection                                    ; Off                ; Off                ;
; Synthesis Effort                                             ; Auto               ; Auto               ;
; Shift Register Replacement - Allow Asynchronous Clear Signal ; On                 ; On                 ;
; Analysis & Synthesis Message Level                           ; Medium             ; Medium             ;
+--------------------------------------------------------------+--------------------+--------------------+


+---------------------------------------------------------------------------------------------------------------------------------------------------------+
; Analysis & Synthesis Source Files Read                                                                                                                  ;
+----------------------------------+-----------------+------------------------------+---------------------------------------------------------------------+
; File Name with User-Entered Path ; Used in Netlist ; File Type                    ; File Name with Absolute Path                                        ;
+----------------------------------+-----------------+------------------------------+---------------------------------------------------------------------+
; CA.vhd                           ; yes             ; User VHDL File               ; C:/altera/90sp2/quartus/My_Optional/CA.vhd                          ;
; RNG.vhd                          ; yes             ; User VHDL File               ; C:/altera/90sp2/quartus/My_Optional/RNG.vhd                         ;
; My_Optional.vhd                  ; yes             ; User VHDL File               ; C:/altera/90sp2/quartus/My_Optional/My_Optional.vhd                 ;
; lpm_divide.tdf                   ; yes             ; Megafunction                 ; c:/altera/90sp2/quartus/libraries/megafunctions/lpm_divide.tdf      ;
; abs_divider.inc                  ; yes             ; Megafunction                 ; c:/altera/90sp2/quartus/libraries/megafunctions/abs_divider.inc     ;
; sign_div_unsign.inc              ; yes             ; Megafunction                 ; c:/altera/90sp2/quartus/libraries/megafunctions/sign_div_unsign.inc ;
; aglobal90.inc                    ; yes             ; Megafunction                 ; c:/altera/90sp2/quartus/libraries/megafunctions/aglobal90.inc       ;
; db/lpm_divide_29m.tdf            ; yes             ; Auto-Generated Megafunction  ; C:/altera/90sp2/quartus/My_Optional/db/lpm_divide_29m.tdf           ;
; db/sign_div_unsign_7nh.tdf       ; yes             ; Auto-Generated Megafunction  ; C:/altera/90sp2/quartus/My_Optional/db/sign_div_unsign_7nh.tdf      ;
; db/alt_u_div_i6f.tdf             ; yes             ; Auto-Generated Megafunction  ; C:/altera/90sp2/quartus/My_Optional/db/alt_u_div_i6f.tdf            ;
+----------------------------------+-----------------+------------------------------+---------------------------------------------------------------------+


+-----------------------------------------------------------------------------------------------------------------------------------------------------------+
; Analysis & Synthesis Resource Usage Summary                                                                                                               ;
+-----------------------------------------------+-----------------------------------------------------------------------------------------------------------+
; Resource                                      ; Usage                                                                                                     ;
+-----------------------------------------------+-----------------------------------------------------------------------------------------------------------+
; Estimated ALUTs Used                          ; 1108                                                                                                      ;
; Dedicated logic registers                     ; 72                                                                                                        ;
;                                               ;                                                                                                           ;
; Estimated ALUTs Unavailable                   ; 13                                                                                                        ;
;                                               ;                                                                                                           ;
; Total combinational functions                 ; 1108                                                                                                      ;
; Combinational ALUT usage by number of inputs  ;                                                                                                           ;
;     -- 7 input functions                      ; 0                                                                                                         ;
;     -- 6 input functions                      ; 4                                                                                                         ;
;     -- 5 input functions                      ; 191                                                                                                       ;
;     -- 4 input functions                      ; 303                                                                                                       ;
;     -- <=3 input functions                    ; 610                                                                                                       ;
;                                               ;                                                                                                           ;
; Combinational ALUTs by mode                   ;                                                                                                           ;
;     -- normal mode                            ; 558                                                                                                       ;
;     -- extended LUT mode                      ; 0                                                                                                         ;
;     -- arithmetic mode                        ; 546                                                                                                       ;
;     -- shared arithmetic mode                 ; 4                                                                                                         ;
;                                               ;                                                                                                           ;
; Estimated ALUT/register pairs used            ; 1112                                                                                                      ;
;                                               ;                                                                                                           ;
; Total registers                               ; 72                                                                                                        ;
;     -- Dedicated logic registers              ; 72                                                                                                        ;
;     -- I/O registers                          ; 0                                                                                                         ;
;                                               ;                                                                                                           ;
; Estimated ALMs:  partially or completely used ; 556                                                                                                       ;
;                                               ;                                                                                                           ;
; I/O pins                                      ; 71                                                                                                        ;
; Maximum fan-out node                          ; lpm_divide:Mod0|lpm_divide_29m:auto_generated|sign_div_unsign_7nh:divider|alt_u_div_i6f:divider|op_22~121 ;
; Maximum fan-out                               ; 73                                                                                                        ;
; Total fan-out                                 ; 4320                                                                                                      ;
; Average fan-out                               ; 3.45                                                                                                      ;
+-----------------------------------------------+-----------------------------------------------------------------------------------------------------------+


+----------------------------------------------------------------------------------------------------------------------------------------------------------------------------------------------------------------------------------------------------------------------------------------------------+
; Analysis & Synthesis Resource Utilization by Entity                                                                                                                                                                                                                                                ;
+----------------------------------------+-------------------+--------------+-------------------+--------------+---------+-----------+-----------+------+--------------+--------------------------------------------------------------------------------------------------------------+--------------+
; Compilation Hierarchy Node             ; LC Combinationals ; LC Registers ; Block Memory Bits ; DSP Elements ; DSP 9x9 ; DSP 18x18 ; DSP 36x36 ; Pins ; Virtual Pins ; Full Hierarchy Name                                                                                          ; Library Name ;
+----------------------------------------+-------------------+--------------+-------------------+--------------+---------+-----------+-----------+------+--------------+--------------------------------------------------------------------------------------------------------------+--------------+
; |My_Optional                           ; 1108 (0)          ; 72 (8)       ; 0                 ; 0            ; 0       ; 0         ; 0         ; 71   ; 0            ; |My_Optional                                                                                                 ; work         ;
;    |RNG:RNG_inst|                      ; 64 (0)            ; 64 (0)       ; 0                 ; 0            ; 0       ; 0         ; 0         ; 0    ; 0            ; |My_Optional|RNG:RNG_inst                                                                                    ; work         ;
;       |CA:\CA_generate:0:CA_Array|     ; 1 (1)             ; 1 (1)        ; 0                 ; 0            ; 0       ; 0         ; 0         ; 0    ; 0            ; |My_Optional|RNG:RNG_inst|CA:\CA_generate:0:CA_Array                                                         ; work         ;
;       |CA:\CA_generate:10:CA_Array|    ; 1 (1)             ; 1 (1)        ; 0                 ; 0            ; 0       ; 0         ; 0         ; 0    ; 0            ; |My_Optional|RNG:RNG_inst|CA:\CA_generate:10:CA_Array                                                        ; work         ;
;       |CA:\CA_generate:11:CA_Array|    ; 1 (1)             ; 1 (1)        ; 0                 ; 0            ; 0       ; 0         ; 0         ; 0    ; 0            ; |My_Optional|RNG:RNG_inst|CA:\CA_generate:11:CA_Array                                                        ; work         ;
;       |CA:\CA_generate:12:CA_Array|    ; 1 (1)             ; 1 (1)        ; 0                 ; 0            ; 0       ; 0         ; 0         ; 0    ; 0            ; |My_Optional|RNG:RNG_inst|CA:\CA_generate:12:CA_Array                                                        ; work         ;
;       |CA:\CA_generate:13:CA_Array|    ; 1 (1)             ; 1 (1)        ; 0                 ; 0            ; 0       ; 0         ; 0         ; 0    ; 0            ; |My_Optional|RNG:RNG_inst|CA:\CA_generate:13:CA_Array                                                        ; work         ;
;       |CA:\CA_generate:14:CA_Array|    ; 1 (1)             ; 1 (1)        ; 0                 ; 0            ; 0       ; 0         ; 0         ; 0    ; 0            ; |My_Optional|RNG:RNG_inst|CA:\CA_generate:14:CA_Array                                                        ; work         ;
;       |CA:\CA_generate:15:CA_Array|    ; 1 (1)             ; 1 (1)        ; 0                 ; 0            ; 0       ; 0         ; 0         ; 0    ; 0            ; |My_Optional|RNG:RNG_inst|CA:\CA_generate:15:CA_Array                                                        ; work         ;
;       |CA:\CA_generate:16:CA_Array|    ; 1 (1)             ; 1 (1)        ; 0                 ; 0            ; 0       ; 0         ; 0         ; 0    ; 0            ; |My_Optional|RNG:RNG_inst|CA:\CA_generate:16:CA_Array                                                        ; work         ;
;       |CA:\CA_generate:17:CA_Array|    ; 1 (1)             ; 1 (1)        ; 0                 ; 0            ; 0       ; 0         ; 0         ; 0    ; 0            ; |My_Optional|RNG:RNG_inst|CA:\CA_generate:17:CA_Array                                                        ; work         ;
;       |CA:\CA_generate:18:CA_Array|    ; 1 (1)             ; 1 (1)        ; 0                 ; 0            ; 0       ; 0         ; 0         ; 0    ; 0            ; |My_Optional|RNG:RNG_inst|CA:\CA_generate:18:CA_Array                                                        ; work         ;
;       |CA:\CA_generate:19:CA_Array|    ; 1 (1)             ; 1 (1)        ; 0                 ; 0            ; 0       ; 0         ; 0         ; 0    ; 0            ; |My_Optional|RNG:RNG_inst|CA:\CA_generate:19:CA_Array                                                        ; work         ;
;       |CA:\CA_generate:1:CA_Array|     ; 1 (1)             ; 1 (1)        ; 0                 ; 0            ; 0       ; 0         ; 0         ; 0    ; 0            ; |My_Optional|RNG:RNG_inst|CA:\CA_generate:1:CA_Array                                                         ; work         ;
;       |CA:\CA_generate:20:CA_Array|    ; 1 (1)             ; 1 (1)        ; 0                 ; 0            ; 0       ; 0         ; 0         ; 0    ; 0            ; |My_Optional|RNG:RNG_inst|CA:\CA_generate:20:CA_Array                                                        ; work         ;
;       |CA:\CA_generate:21:CA_Array|    ; 1 (1)             ; 1 (1)        ; 0                 ; 0            ; 0       ; 0         ; 0         ; 0    ; 0            ; |My_Optional|RNG:RNG_inst|CA:\CA_generate:21:CA_Array                                                        ; work         ;
;       |CA:\CA_generate:22:CA_Array|    ; 1 (1)             ; 1 (1)        ; 0                 ; 0            ; 0       ; 0         ; 0         ; 0    ; 0            ; |My_Optional|RNG:RNG_inst|CA:\CA_generate:22:CA_Array                                                        ; work         ;
;       |CA:\CA_generate:23:CA_Array|    ; 1 (1)             ; 1 (1)        ; 0                 ; 0            ; 0       ; 0         ; 0         ; 0    ; 0            ; |My_Optional|RNG:RNG_inst|CA:\CA_generate:23:CA_Array                                                        ; work         ;
;       |CA:\CA_generate:24:CA_Array|    ; 1 (1)             ; 1 (1)        ; 0                 ; 0            ; 0       ; 0         ; 0         ; 0    ; 0            ; |My_Optional|RNG:RNG_inst|CA:\CA_generate:24:CA_Array                                                        ; work         ;
;       |CA:\CA_generate:25:CA_Array|    ; 1 (1)             ; 1 (1)        ; 0                 ; 0            ; 0       ; 0         ; 0         ; 0    ; 0            ; |My_Optional|RNG:RNG_inst|CA:\CA_generate:25:CA_Array                                                        ; work         ;
;       |CA:\CA_generate:26:CA_Array|    ; 1 (1)             ; 1 (1)        ; 0                 ; 0            ; 0       ; 0         ; 0         ; 0    ; 0            ; |My_Optional|RNG:RNG_inst|CA:\CA_generate:26:CA_Array                                                        ; work         ;
;       |CA:\CA_generate:27:CA_Array|    ; 1 (1)             ; 1 (1)        ; 0                 ; 0            ; 0       ; 0         ; 0         ; 0    ; 0            ; |My_Optional|RNG:RNG_inst|CA:\CA_generate:27:CA_Array                                                        ; work         ;
;       |CA:\CA_generate:28:CA_Array|    ; 1 (1)             ; 1 (1)        ; 0                 ; 0            ; 0       ; 0         ; 0         ; 0    ; 0            ; |My_Optional|RNG:RNG_inst|CA:\CA_generate:28:CA_Array                                                        ; work         ;
;       |CA:\CA_generate:29:CA_Array|    ; 1 (1)             ; 1 (1)        ; 0                 ; 0            ; 0       ; 0         ; 0         ; 0    ; 0            ; |My_Optional|RNG:RNG_inst|CA:\CA_generate:29:CA_Array                                                        ; work         ;
;       |CA:\CA_generate:2:CA_Array|     ; 1 (1)             ; 1 (1)        ; 0                 ; 0            ; 0       ; 0         ; 0         ; 0    ; 0            ; |My_Optional|RNG:RNG_inst|CA:\CA_generate:2:CA_Array                                                         ; work         ;
;       |CA:\CA_generate:30:CA_Array|    ; 1 (1)             ; 1 (1)        ; 0                 ; 0            ; 0       ; 0         ; 0         ; 0    ; 0            ; |My_Optional|RNG:RNG_inst|CA:\CA_generate:30:CA_Array                                                        ; work         ;
;       |CA:\CA_generate:31:CA_Array|    ; 1 (1)             ; 1 (1)        ; 0                 ; 0            ; 0       ; 0         ; 0         ; 0    ; 0            ; |My_Optional|RNG:RNG_inst|CA:\CA_generate:31:CA_Array                                                        ; work         ;
;       |CA:\CA_generate:32:CA_Array|    ; 1 (1)             ; 1 (1)        ; 0                 ; 0            ; 0       ; 0         ; 0         ; 0    ; 0            ; |My_Optional|RNG:RNG_inst|CA:\CA_generate:32:CA_Array                                                        ; work         ;
;       |CA:\CA_generate:33:CA_Array|    ; 1 (1)             ; 1 (1)        ; 0                 ; 0            ; 0       ; 0         ; 0         ; 0    ; 0            ; |My_Optional|RNG:RNG_inst|CA:\CA_generate:33:CA_Array                                                        ; work         ;
;       |CA:\CA_generate:34:CA_Array|    ; 1 (1)             ; 1 (1)        ; 0                 ; 0            ; 0       ; 0         ; 0         ; 0    ; 0            ; |My_Optional|RNG:RNG_inst|CA:\CA_generate:34:CA_Array                                                        ; work         ;
;       |CA:\CA_generate:35:CA_Array|    ; 1 (1)             ; 1 (1)        ; 0                 ; 0            ; 0       ; 0         ; 0         ; 0    ; 0            ; |My_Optional|RNG:RNG_inst|CA:\CA_generate:35:CA_Array                                                        ; work         ;
;       |CA:\CA_generate:36:CA_Array|    ; 1 (1)             ; 1 (1)        ; 0                 ; 0            ; 0       ; 0         ; 0         ; 0    ; 0            ; |My_Optional|RNG:RNG_inst|CA:\CA_generate:36:CA_Array                                                        ; work         ;
;       |CA:\CA_generate:37:CA_Array|    ; 1 (1)             ; 1 (1)        ; 0                 ; 0            ; 0       ; 0         ; 0         ; 0    ; 0            ; |My_Optional|RNG:RNG_inst|CA:\CA_generate:37:CA_Array                                                        ; work         ;
;       |CA:\CA_generate:38:CA_Array|    ; 1 (1)             ; 1 (1)        ; 0                 ; 0            ; 0       ; 0         ; 0         ; 0    ; 0            ; |My_Optional|RNG:RNG_inst|CA:\CA_generate:38:CA_Array                                                        ; work         ;
;       |CA:\CA_generate:39:CA_Array|    ; 1 (1)             ; 1 (1)        ; 0                 ; 0            ; 0       ; 0         ; 0         ; 0    ; 0            ; |My_Optional|RNG:RNG_inst|CA:\CA_generate:39:CA_Array                                                        ; work         ;
;       |CA:\CA_generate:3:CA_Array|     ; 1 (1)             ; 1 (1)        ; 0                 ; 0            ; 0       ; 0         ; 0         ; 0    ; 0            ; |My_Optional|RNG:RNG_inst|CA:\CA_generate:3:CA_Array                                                         ; work         ;
;       |CA:\CA_generate:40:CA_Array|    ; 1 (1)             ; 1 (1)        ; 0                 ; 0            ; 0       ; 0         ; 0         ; 0    ; 0            ; |My_Optional|RNG:RNG_inst|CA:\CA_generate:40:CA_Array                                                        ; work         ;
;       |CA:\CA_generate:41:CA_Array|    ; 1 (1)             ; 1 (1)        ; 0                 ; 0            ; 0       ; 0         ; 0         ; 0    ; 0            ; |My_Optional|RNG:RNG_inst|CA:\CA_generate:41:CA_Array                                                        ; work         ;
;       |CA:\CA_generate:42:CA_Array|    ; 1 (1)             ; 1 (1)        ; 0                 ; 0            ; 0       ; 0         ; 0         ; 0    ; 0            ; |My_Optional|RNG:RNG_inst|CA:\CA_generate:42:CA_Array                                                        ; work         ;
;       |CA:\CA_generate:43:CA_Array|    ; 1 (1)             ; 1 (1)        ; 0                 ; 0            ; 0       ; 0         ; 0         ; 0    ; 0            ; |My_Optional|RNG:RNG_inst|CA:\CA_generate:43:CA_Array                                                        ; work         ;
;       |CA:\CA_generate:44:CA_Array|    ; 1 (1)             ; 1 (1)        ; 0                 ; 0            ; 0       ; 0         ; 0         ; 0    ; 0            ; |My_Optional|RNG:RNG_inst|CA:\CA_generate:44:CA_Array                                                        ; work         ;
;       |CA:\CA_generate:45:CA_Array|    ; 1 (1)             ; 1 (1)        ; 0                 ; 0            ; 0       ; 0         ; 0         ; 0    ; 0            ; |My_Optional|RNG:RNG_inst|CA:\CA_generate:45:CA_Array                                                        ; work         ;
;       |CA:\CA_generate:46:CA_Array|    ; 1 (1)             ; 1 (1)        ; 0                 ; 0            ; 0       ; 0         ; 0         ; 0    ; 0            ; |My_Optional|RNG:RNG_inst|CA:\CA_generate:46:CA_Array                                                        ; work         ;
;       |CA:\CA_generate:47:CA_Array|    ; 1 (1)             ; 1 (1)        ; 0                 ; 0            ; 0       ; 0         ; 0         ; 0    ; 0            ; |My_Optional|RNG:RNG_inst|CA:\CA_generate:47:CA_Array                                                        ; work         ;
;       |CA:\CA_generate:48:CA_Array|    ; 1 (1)             ; 1 (1)        ; 0                 ; 0            ; 0       ; 0         ; 0         ; 0    ; 0            ; |My_Optional|RNG:RNG_inst|CA:\CA_generate:48:CA_Array                                                        ; work         ;
;       |CA:\CA_generate:49:CA_Array|    ; 1 (1)             ; 1 (1)        ; 0                 ; 0            ; 0       ; 0         ; 0         ; 0    ; 0            ; |My_Optional|RNG:RNG_inst|CA:\CA_generate:49:CA_Array                                                        ; work         ;
;       |CA:\CA_generate:4:CA_Array|     ; 1 (1)             ; 1 (1)        ; 0                 ; 0            ; 0       ; 0         ; 0         ; 0    ; 0            ; |My_Optional|RNG:RNG_inst|CA:\CA_generate:4:CA_Array                                                         ; work         ;
;       |CA:\CA_generate:50:CA_Array|    ; 1 (1)             ; 1 (1)        ; 0                 ; 0            ; 0       ; 0         ; 0         ; 0    ; 0            ; |My_Optional|RNG:RNG_inst|CA:\CA_generate:50:CA_Array                                                        ; work         ;
;       |CA:\CA_generate:51:CA_Array|    ; 1 (1)             ; 1 (1)        ; 0                 ; 0            ; 0       ; 0         ; 0         ; 0    ; 0            ; |My_Optional|RNG:RNG_inst|CA:\CA_generate:51:CA_Array                                                        ; work         ;
;       |CA:\CA_generate:52:CA_Array|    ; 1 (1)             ; 1 (1)        ; 0                 ; 0            ; 0       ; 0         ; 0         ; 0    ; 0            ; |My_Optional|RNG:RNG_inst|CA:\CA_generate:52:CA_Array                                                        ; work         ;
;       |CA:\CA_generate:53:CA_Array|    ; 1 (1)             ; 1 (1)        ; 0                 ; 0            ; 0       ; 0         ; 0         ; 0    ; 0            ; |My_Optional|RNG:RNG_inst|CA:\CA_generate:53:CA_Array                                                        ; work         ;
;       |CA:\CA_generate:54:CA_Array|    ; 1 (1)             ; 1 (1)        ; 0                 ; 0            ; 0       ; 0         ; 0         ; 0    ; 0            ; |My_Optional|RNG:RNG_inst|CA:\CA_generate:54:CA_Array                                                        ; work         ;
;       |CA:\CA_generate:55:CA_Array|    ; 1 (1)             ; 1 (1)        ; 0                 ; 0            ; 0       ; 0         ; 0         ; 0    ; 0            ; |My_Optional|RNG:RNG_inst|CA:\CA_generate:55:CA_Array                                                        ; work         ;
;       |CA:\CA_generate:56:CA_Array|    ; 1 (1)             ; 1 (1)        ; 0                 ; 0            ; 0       ; 0         ; 0         ; 0    ; 0            ; |My_Optional|RNG:RNG_inst|CA:\CA_generate:56:CA_Array                                                        ; work         ;
;       |CA:\CA_generate:57:CA_Array|    ; 1 (1)             ; 1 (1)        ; 0                 ; 0            ; 0       ; 0         ; 0         ; 0    ; 0            ; |My_Optional|RNG:RNG_inst|CA:\CA_generate:57:CA_Array                                                        ; work         ;
;       |CA:\CA_generate:58:CA_Array|    ; 1 (1)             ; 1 (1)        ; 0                 ; 0            ; 0       ; 0         ; 0         ; 0    ; 0            ; |My_Optional|RNG:RNG_inst|CA:\CA_generate:58:CA_Array                                                        ; work         ;
;       |CA:\CA_generate:59:CA_Array|    ; 1 (1)             ; 1 (1)        ; 0                 ; 0            ; 0       ; 0         ; 0         ; 0    ; 0            ; |My_Optional|RNG:RNG_inst|CA:\CA_generate:59:CA_Array                                                        ; work         ;
;       |CA:\CA_generate:5:CA_Array|     ; 1 (1)             ; 1 (1)        ; 0                 ; 0            ; 0       ; 0         ; 0         ; 0    ; 0            ; |My_Optional|RNG:RNG_inst|CA:\CA_generate:5:CA_Array                                                         ; work         ;
;       |CA:\CA_generate:60:CA_Array|    ; 1 (1)             ; 1 (1)        ; 0                 ; 0            ; 0       ; 0         ; 0         ; 0    ; 0            ; |My_Optional|RNG:RNG_inst|CA:\CA_generate:60:CA_Array                                                        ; work         ;
;       |CA:\CA_generate:61:CA_Array|    ; 1 (1)             ; 1 (1)        ; 0                 ; 0            ; 0       ; 0         ; 0         ; 0    ; 0            ; |My_Optional|RNG:RNG_inst|CA:\CA_generate:61:CA_Array                                                        ; work         ;
;       |CA:\CA_generate:62:CA_Array|    ; 1 (1)             ; 1 (1)        ; 0                 ; 0            ; 0       ; 0         ; 0         ; 0    ; 0            ; |My_Optional|RNG:RNG_inst|CA:\CA_generate:62:CA_Array                                                        ; work         ;
;       |CA:\CA_generate:63:CA_Array|    ; 1 (1)             ; 1 (1)        ; 0                 ; 0            ; 0       ; 0         ; 0         ; 0    ; 0            ; |My_Optional|RNG:RNG_inst|CA:\CA_generate:63:CA_Array                                                        ; work         ;
;       |CA:\CA_generate:6:CA_Array|     ; 1 (1)             ; 1 (1)        ; 0                 ; 0            ; 0       ; 0         ; 0         ; 0    ; 0            ; |My_Optional|RNG:RNG_inst|CA:\CA_generate:6:CA_Array                                                         ; work         ;
;       |CA:\CA_generate:7:CA_Array|     ; 1 (1)             ; 1 (1)        ; 0                 ; 0            ; 0       ; 0         ; 0         ; 0    ; 0            ; |My_Optional|RNG:RNG_inst|CA:\CA_generate:7:CA_Array                                                         ; work         ;
;       |CA:\CA_generate:8:CA_Array|     ; 1 (1)             ; 1 (1)        ; 0                 ; 0            ; 0       ; 0         ; 0         ; 0    ; 0            ; |My_Optional|RNG:RNG_inst|CA:\CA_generate:8:CA_Array                                                         ; work         ;
;       |CA:\CA_generate:9:CA_Array|     ; 1 (1)             ; 1 (1)        ; 0                 ; 0            ; 0       ; 0         ; 0         ; 0    ; 0            ; |My_Optional|RNG:RNG_inst|CA:\CA_generate:9:CA_Array                                                         ; work         ;
;    |lpm_divide:Mod0|                   ; 1044 (0)          ; 0 (0)        ; 0                 ; 0            ; 0       ; 0         ; 0         ; 0    ; 0            ; |My_Optional|lpm_divide:Mod0                                                                                 ; work         ;
;       |lpm_divide_29m:auto_generated|  ; 1044 (0)          ; 0 (0)        ; 0                 ; 0            ; 0       ; 0         ; 0         ; 0    ; 0            ; |My_Optional|lpm_divide:Mod0|lpm_divide_29m:auto_generated                                                   ; work         ;
;          |sign_div_unsign_7nh:divider| ; 1044 (0)          ; 0 (0)        ; 0                 ; 0            ; 0       ; 0         ; 0         ; 0    ; 0            ; |My_Optional|lpm_divide:Mod0|lpm_divide_29m:auto_generated|sign_div_unsign_7nh:divider                       ; work         ;
;             |alt_u_div_i6f:divider|    ; 1044 (1044)       ; 0 (0)        ; 0                 ; 0            ; 0       ; 0         ; 0         ; 0    ; 0            ; |My_Optional|lpm_divide:Mod0|lpm_divide_29m:auto_generated|sign_div_unsign_7nh:divider|alt_u_div_i6f:divider ; work         ;
+----------------------------------------+-------------------+--------------+-------------------+--------------+---------+-----------+-----------+------+--------------+--------------------------------------------------------------------------------------------------------------+--------------+
Note: For table entries with two numbers listed, the numbers in parentheses indicate the number of resources of the given type used by the specific entity alone. The numbers listed outside of parentheses indicate the total resources of the given type used by the specific entity and all of its sub-entities in the hierarchy.


+------------------------------------------------------+
; General Register Statistics                          ;
+----------------------------------------------+-------+
; Statistic                                    ; Value ;
+----------------------------------------------+-------+
; Total registers                              ; 72    ;
; Number of registers using Synchronous Clear  ; 0     ;
; Number of registers using Synchronous Load   ; 64    ;
; Number of registers using Asynchronous Clear ; 0     ;
; Number of registers using Asynchronous Load  ; 0     ;
; Number of registers using Clock Enable       ; 4     ;
; Number of registers using Preset             ; 0     ;
+----------------------------------------------+-------+


+------------------------------------------------------------------+
; Parameter Settings for Inferred Entity Instance: lpm_divide:Mod0 ;
+------------------------+----------------+------------------------+
; Parameter Name         ; Value          ; Type                   ;
+------------------------+----------------+------------------------+
; LPM_WIDTHN             ; 31             ; Untyped                ;
; LPM_WIDTHD             ; 31             ; Untyped                ;
; LPM_NREPRESENTATION    ; UNSIGNED       ; Untyped                ;
; LPM_DREPRESENTATION    ; UNSIGNED       ; Untyped                ;
; LPM_PIPELINE           ; 0              ; Untyped                ;
; LPM_REMAINDERPOSITIVE  ; TRUE           ; Untyped                ;
; MAXIMIZE_SPEED         ; 5              ; Untyped                ;
; CBXI_PARAMETER         ; lpm_divide_29m ; Untyped                ;
; CARRY_CHAIN            ; MANUAL         ; Untyped                ;
; OPTIMIZE_FOR_SPEED     ; 5              ; Untyped                ;
; AUTO_CARRY_CHAINS      ; ON             ; AUTO_CARRY             ;
; IGNORE_CARRY_BUFFERS   ; OFF            ; IGNORE_CARRY           ;
; AUTO_CASCADE_CHAINS    ; ON             ; AUTO_CASCADE           ;
; IGNORE_CASCADE_BUFFERS ; OFF            ; IGNORE_CASCADE         ;
+------------------------+----------------+------------------------+
Note: In order to hide this table in the UI and the text report file, please set the "Show Parameter Settings Tables in Synthesis Report" option in "Analysis and Synthesis Settings -> More Settings" to "Off".


+---------------------------------------------------------------------------------------------------------------------------+
; Port Connectivity Checks: "RNG:RNG_inst"                                                                                  ;
+-----------------+--------+----------+-------------------------------------------------------------------------------------+
; Port            ; Type   ; Severity ; Details                                                                             ;
+-----------------+--------+----------+-------------------------------------------------------------------------------------+
; rng_out[63..31] ; Output ; Info     ; Connected to dangling logic. Logic that only feeds a dangling port will be removed. ;
+-----------------+--------+----------+-------------------------------------------------------------------------------------+


+-------------------------------+
; Analysis & Synthesis Messages ;
+-------------------------------+
Info: *******************************************************************
Info: Running Quartus II Analysis & Synthesis
    Info: Version 9.0 Build 235 06/17/2009 Service Pack 2 SJ Web Edition
    Info: Processing started: Fri May 31 11:31:37 2024
Info: Command: quartus_map --read_settings_files=on --write_settings_files=off My_Optional -c My_Optional
Info: Found 2 design units, including 1 entities, in source file CA.vhd
    Info: Found design unit 1: CA-behavior
    Info: Found entity 1: CA
Info: Found 2 design units, including 1 entities, in source file RNG.vhd
    Info: Found design unit 1: RNG-structure
    Info: Found entity 1: RNG
Info: Found 2 design units, including 1 entities, in source file My_Optional.vhd
    Info: Found design unit 1: My_Optional-behavior
    Info: Found entity 1: My_Optional
Info: Elaborating entity "My_Optional" for the top level hierarchy
Info: Elaborating entity "RNG" for hierarchy "RNG:RNG_inst"
Info: Elaborating entity "CA" for hierarchy "RNG:RNG_inst|CA:\CA_generate:63:CA_Array"
Info: Inferred 1 megafunctions from design logic
    Info: Inferred divider/modulo megafunction ("lpm_divide") from the following logic: "Mod0"
Info: Elaborated megafunction instantiation "lpm_divide:Mod0"
Info: Instantiated megafunction "lpm_divide:Mod0" with the following parameter:
    Info: Parameter "LPM_WIDTHN" = "31"
    Info: Parameter "LPM_WIDTHD" = "31"
    Info: Parameter "LPM_NREPRESENTATION" = "UNSIGNED"
    Info: Parameter "LPM_DREPRESENTATION" = "UNSIGNED"
Info: Found 1 design units, including 1 entities, in source file db/lpm_divide_29m.tdf
    Info: Found entity 1: lpm_divide_29m
Info: Found 1 design units, including 1 entities, in source file db/sign_div_unsign_7nh.tdf
    Info: Found entity 1: sign_div_unsign_7nh
Info: Found 1 design units, including 1 entities, in source file db/alt_u_div_i6f.tdf
    Info: Found entity 1: alt_u_div_i6f
Info: Implemented 1183 device resources after synthesis - the final resource count might be different
    Info: Implemented 67 input pins
    Info: Implemented 4 output pins
    Info: Implemented 1112 logic cells
Info: Quartus II Analysis & Synthesis was successful. 0 errors, 0 warnings
    Info: Peak virtual memory: 280 megabytes
    Info: Processing ended: Fri May 31 11:31:44 2024
    Info: Elapsed time: 00:00:07
    Info: Total CPU time (on all processors): 00:00:03


